<?xml version="1.0" encoding="UTF-8"?>
<!-- Generated by org.testng.reporters.JUnitXMLReporter -->
<testsuite hostname="sudheer-PC" ignored="0" name="data_driven" tests="4" failures="0" timestamp="2019-10-15T16:53:24 IST" time="24.573" errors="0">
  <testcase name="test" time="0.364" classname="datadriven_scenarios.DataproviderTest"/>
  <testcase name="test" time="0.312" classname="datadriven_scenarios.DataproviderTest"/>
  <testcase name="test" time="0.284" classname="datadriven_scenarios.DataproviderTest"/>
  <testcase name="test" time="0.283" classname="datadriven_scenarios.DataproviderTest"/>
</testsuite> <!-- data_driven -->
