<?xml version="1.0" encoding="UTF-8"?>
<testng-results skipped="0" failed="0" ignored="0" total="1" passed="1">
  <reporter-output>
  </reporter-output>
  <suite name="Default suite" duration-ms="697" started-at="2019-10-17T14:04:22 IST" finished-at="2019-10-17T14:04:23 IST">
    <groups>
    </groups>
    <test name="Default test" duration-ms="697" started-at="2019-10-17T14:04:22 IST" finished-at="2019-10-17T14:04:23 IST">
      <class name="datadriven_scenarios.WritingDataInExistingSheet">
        <test-method status="PASS" signature="Existing_sheet()[pri:0, instance:datadriven_scenarios.WritingDataInExistingSheet@5ae63ade]" name="Existing_sheet" duration-ms="653" started-at="2019-10-17T14:04:22 IST" finished-at="2019-10-17T14:04:23 IST">
          <reporter-output>
          </reporter-output>
        </test-method> <!-- Existing_sheet -->
      </class> <!-- datadriven_scenarios.WritingDataInExistingSheet -->
    </test> <!-- Default test -->
  </suite> <!-- Default suite -->
</testng-results>
